Determining if the pthread_create exist failed with the following output:
Change Dir: /jiaqiwang969/DGFEM-Acoustic/build/CMakeFiles/CMakeTmp

Run Build Command:"/usr/bin/make" "cmTC_dde62/fast"
/usr/bin/make -f CMakeFiles/cmTC_dde62.dir/build.make CMakeFiles/cmTC_dde62.dir/build
make[1]: Entering directory '/jiaqiwang969/DGFEM-Acoustic/build/CMakeFiles/CMakeTmp'
Building C object CMakeFiles/cmTC_dde62.dir/CheckSymbolExists.c.o
/usr/bin/cc    -o CMakeFiles/cmTC_dde62.dir/CheckSymbolExists.c.o   -c /jiaqiwang969/DGFEM-Acoustic/build/CMakeFiles/CMakeTmp/CheckSymbolExists.c
Linking C executable cmTC_dde62
/usr/bin/cmake -E cmake_link_script CMakeFiles/cmTC_dde62.dir/link.txt --verbose=1
/usr/bin/cc      -rdynamic CMakeFiles/cmTC_dde62.dir/CheckSymbolExists.c.o  -o cmTC_dde62 
CMakeFiles/cmTC_dde62.dir/CheckSymbolExists.c.o: In function `main':
CheckSymbolExists.c:(.text+0x1b): undefined reference to `pthread_create'
collect2: error: ld returned 1 exit status
CMakeFiles/cmTC_dde62.dir/build.make:97: recipe for target 'cmTC_dde62' failed
make[1]: *** [cmTC_dde62] Error 1
make[1]: Leaving directory '/jiaqiwang969/DGFEM-Acoustic/build/CMakeFiles/CMakeTmp'
Makefile:126: recipe for target 'cmTC_dde62/fast' failed
make: *** [cmTC_dde62/fast] Error 2

File /jiaqiwang969/DGFEM-Acoustic/build/CMakeFiles/CMakeTmp/CheckSymbolExists.c:
/* */
#include <pthread.h>

int main(int argc, char** argv)
{
  (void)argv;
#ifndef pthread_create
  return ((int*)(&pthread_create))[argc];
#else
  (void)argc;
  return 0;
#endif
}

Determining if the function pthread_create exists in the pthreads failed with the following output:
Change Dir: /jiaqiwang969/DGFEM-Acoustic/build/CMakeFiles/CMakeTmp

Run Build Command:"/usr/bin/make" "cmTC_f3625/fast"
/usr/bin/make -f CMakeFiles/cmTC_f3625.dir/build.make CMakeFiles/cmTC_f3625.dir/build
make[1]: Entering directory '/jiaqiwang969/DGFEM-Acoustic/build/CMakeFiles/CMakeTmp'
Building C object CMakeFiles/cmTC_f3625.dir/CheckFunctionExists.c.o
/usr/bin/cc   -DCHECK_FUNCTION_EXISTS=pthread_create   -o CMakeFiles/cmTC_f3625.dir/CheckFunctionExists.c.o   -c /usr/share/cmake-3.10/Modules/CheckFunctionExists.c
Linking C executable cmTC_f3625
/usr/bin/cmake -E cmake_link_script CMakeFiles/cmTC_f3625.dir/link.txt --verbose=1
/usr/bin/cc  -DCHECK_FUNCTION_EXISTS=pthread_create    -rdynamic CMakeFiles/cmTC_f3625.dir/CheckFunctionExists.c.o  -o cmTC_f3625 -lpthreads 
/usr/bin/ld: cannot find -lpthreads
collect2: error: ld returned 1 exit status
CMakeFiles/cmTC_f3625.dir/build.make:97: recipe for target 'cmTC_f3625' failed
make[1]: *** [cmTC_f3625] Error 1
make[1]: Leaving directory '/jiaqiwang969/DGFEM-Acoustic/build/CMakeFiles/CMakeTmp'
Makefile:126: recipe for target 'cmTC_f3625/fast' failed
make: *** [cmTC_f3625/fast] Error 2


